2024-09-25T09:35:02.257+05:30  INFO 6360 --- [usm] [restartedMain] com.jsp.usm.UsmApplication               : Starting UsmApplication using Java 22 with PID 6360 (D:\java_1\usm\target\classes started by bhagy in D:\java_1\usm)
2024-09-25T09:35:02.271+05:30  INFO 6360 --- [usm] [restartedMain] com.jsp.usm.UsmApplication               : No active profile set, falling back to 1 default profile: "default"
2024-09-25T09:35:02.344+05:30  INFO 6360 --- [usm] [restartedMain] .e.DevToolsPropertyDefaultsPostProcessor : Devtools property defaults active! Set 'spring.devtools.add-properties' to 'false' to disable
2024-09-25T09:35:02.344+05:30  INFO 6360 --- [usm] [restartedMain] .e.DevToolsPropertyDefaultsPostProcessor : For additional web related logging consider setting the 'logging.level.web' property to 'DEBUG'
2024-09-25T09:35:03.235+05:30  INFO 6360 --- [usm] [restartedMain] .s.d.r.c.RepositoryConfigurationDelegate : Bootstrapping Spring Data JPA repositories in DEFAULT mode.
2024-09-25T09:35:03.272+05:30  INFO 6360 --- [usm] [restartedMain] .s.d.r.c.RepositoryConfigurationDelegate : Finished Spring Data repository scanning in 31 ms. Found 1 JPA repository interface.
2024-09-25T09:35:03.980+05:30  INFO 6360 --- [usm] [restartedMain] o.s.b.w.e.j.JettyServletWebServerFactory : Server initialized with port: 8082
2024-09-25T09:35:03.987+05:30  INFO 6360 --- [usm] [restartedMain] org.eclipse.jetty.server.Server          : jetty-12.0.12; built: 2024-07-25T21:58:37.668Z; git: cc6f1b74db755fed228b50701ad967aeaa68e83f; jvm 22+36-2370
2024-09-25T09:35:04.017+05:30  INFO 6360 --- [usm] [restartedMain] o.e.j.s.h.ContextHandler.application     : Initializing Spring embedded WebApplicationContext
2024-09-25T09:35:04.018+05:30  INFO 6360 --- [usm] [restartedMain] w.s.c.ServletWebServerApplicationContext : Root WebApplicationContext: initialization completed in 1673 ms
2024-09-25T09:35:04.201+05:30  INFO 6360 --- [usm] [restartedMain] o.e.j.session.DefaultSessionIdManager    : Session workerName=node0
2024-09-25T09:35:04.208+05:30  INFO 6360 --- [usm] [restartedMain] o.e.jetty.server.handler.ContextHandler  : Started osbwej.JettyEmbeddedWebAppContext@678e7436{application,/usm,b=[file:/C:/Users/bhagy/AppData/Local/Temp/jetty-docbase.8082.1275721924253820982/, jar:file:///C:/Users/bhagy/.m2/repository/org/webjars/swagger-ui/5.17.14/swagger-ui-5.17.14.jar!/META-INF/resources/],a=AVAILABLE,h=oeje10s.SessionHandler@4f64ea17{STARTED}}
2024-09-25T09:35:04.210+05:30  INFO 6360 --- [usm] [restartedMain] o.e.j.e.servlet.ServletContextHandler    : Started osbwej.JettyEmbeddedWebAppContext@678e7436{application,/usm,b=[file:/C:/Users/bhagy/AppData/Local/Temp/jetty-docbase.8082.1275721924253820982/, jar:file:///C:/Users/bhagy/.m2/repository/org/webjars/swagger-ui/5.17.14/swagger-ui-5.17.14.jar!/META-INF/resources/],a=AVAILABLE,h=oeje10s.SessionHandler@4f64ea17{STARTED}}
2024-09-25T09:35:04.212+05:30  INFO 6360 --- [usm] [restartedMain] org.eclipse.jetty.server.Server          : Started oejs.Server@1b75b9cb{STARTING}[12.0.12,sto=0] @3075ms
2024-09-25T09:35:04.295+05:30  INFO 6360 --- [usm] [restartedMain] o.hibernate.jpa.internal.util.LogHelper  : HHH000204: Processing PersistenceUnitInfo [name: default]
2024-09-25T09:35:04.339+05:30  INFO 6360 --- [usm] [restartedMain] org.hibernate.Version                    : HHH000412: Hibernate ORM core version 6.5.2.Final
2024-09-25T09:35:04.365+05:30  INFO 6360 --- [usm] [restartedMain] o.h.c.internal.RegionFactoryInitiator    : HHH000026: Second-level cache disabled
2024-09-25T09:35:04.574+05:30  INFO 6360 --- [usm] [restartedMain] o.s.o.j.p.SpringPersistenceUnitInfo      : No LoadTimeWeaver setup: ignoring JPA class transformer
2024-09-25T09:35:04.598+05:30  INFO 6360 --- [usm] [restartedMain] com.zaxxer.hikari.HikariDataSource       : HikariPool-1 - Starting...
2024-09-25T09:35:04.880+05:30  INFO 6360 --- [usm] [restartedMain] com.zaxxer.hikari.pool.HikariPool        : HikariPool-1 - Added connection com.mysql.cj.jdbc.ConnectionImpl@ff0f1f4
2024-09-25T09:35:04.882+05:30  INFO 6360 --- [usm] [restartedMain] com.zaxxer.hikari.HikariDataSource       : HikariPool-1 - Start completed.
2024-09-25T09:35:05.586+05:30  INFO 6360 --- [usm] [restartedMain] o.h.e.t.j.p.i.JtaPlatformInitiator       : HHH000489: No JTA platform available (set 'hibernate.transaction.jta.platform' to enable JTA platform integration)
2024-09-25T09:35:05.628+05:30  INFO 6360 --- [usm] [restartedMain] j.LocalContainerEntityManagerFactoryBean : Initialized JPA EntityManagerFactory for persistence unit 'default'
2024-09-25T09:35:05.900+05:30  INFO 6360 --- [usm] [restartedMain] o.s.d.j.r.query.QueryEnhancerFactory     : Hibernate is in classpath; If applicable, HQL parser will be used.
2024-09-25T09:35:06.319+05:30  WARN 6360 --- [usm] [restartedMain] JpaBaseConfiguration$JpaWebConfiguration : spring.jpa.open-in-view is enabled by default. Therefore, database queries may be performed during view rendering. Explicitly configure spring.jpa.open-in-view to disable this warning
2024-09-25T09:35:06.971+05:30  INFO 6360 --- [usm] [restartedMain] o.s.b.d.a.OptionalLiveReloadServer       : LiveReload server is running on port 35729
2024-09-25T09:35:06.980+05:30  INFO 6360 --- [usm] [restartedMain] o.s.b.a.e.web.EndpointLinksResolver      : Exposing 1 endpoint beneath base path '/actuator'
2024-09-25T09:35:07.034+05:30  INFO 6360 --- [usm] [restartedMain] o.e.j.s.h.ContextHandler.application     : Initializing Spring DispatcherServlet 'dispatcherServlet'
2024-09-25T09:35:07.034+05:30  INFO 6360 --- [usm] [restartedMain] o.s.web.servlet.DispatcherServlet        : Initializing Servlet 'dispatcherServlet'
2024-09-25T09:35:07.036+05:30  INFO 6360 --- [usm] [restartedMain] o.s.web.servlet.DispatcherServlet        : Completed initialization in 1 ms
2024-09-25T09:35:07.066+05:30  INFO 6360 --- [usm] [restartedMain] o.e.jetty.server.AbstractConnector       : Started ServerConnector@5b7841f{HTTP/1.1, (http/1.1)}{0.0.0.0:8082}
2024-09-25T09:35:07.068+05:30  INFO 6360 --- [usm] [restartedMain] o.s.b.web.embedded.jetty.JettyWebServer  : Jetty started on port 8082 (http/1.1) with context path '/usm'
2024-09-25T09:35:07.081+05:30  INFO 6360 --- [usm] [restartedMain] com.jsp.usm.UsmApplication               : Started UsmApplication in 5.181 seconds (process running for 5.943)
2024-09-25T09:35:23.269+05:30  INFO 6360 --- [usm] [qtp1991099439-68] o.springdoc.api.AbstractOpenApiResource  : Init duration for springdoc-openapi is: 471 ms
2024-09-25T09:38:59.962+05:30  WARN 6360 --- [usm] [qtp1991099439-73] .w.s.m.s.DefaultHandlerExceptionResolver : Resolved [org.springframework.http.converter.HttpMessageNotReadableException: Required request body is missing: public java.util.List<com.jsp.usm.entity.RegisterEntity> com.jsp.usm.controller.RegisterController.getallUsers(java.util.List<java.lang.String>)]
2024-09-25T09:39:29.251+05:30  INFO 6360 --- [usm] [File Watcher] rtingClassPathChangeChangedEventListener : Restarting due to 1 class path change (0 additions, 0 deletions, 1 modification)
2024-09-25T09:39:29.258+05:30  INFO 6360 --- [usm] [Thread-13] o.e.jetty.server.AbstractConnector       : Stopped ServerConnector@5b7841f{HTTP/1.1, (http/1.1)}{0.0.0.0:8082}
2024-09-25T09:39:29.262+05:30  INFO 6360 --- [usm] [Thread-13] j.LocalContainerEntityManagerFactoryBean : Closing JPA EntityManagerFactory for persistence unit 'default'
2024-09-25T09:39:29.264+05:30  INFO 6360 --- [usm] [Thread-13] com.zaxxer.hikari.HikariDataSource       : HikariPool-1 - Shutdown initiated...
2024-09-25T09:39:29.275+05:30  INFO 6360 --- [usm] [Thread-13] com.zaxxer.hikari.HikariDataSource       : HikariPool-1 - Shutdown completed.
2024-09-25T09:39:29.276+05:30  INFO 6360 --- [usm] [Thread-13] org.eclipse.jetty.server.Server          : Stopped oejs.Server@1b75b9cb{STOPPING}[12.0.12,sto=0]
2024-09-25T09:39:29.280+05:30  INFO 6360 --- [usm] [Thread-13] o.e.j.s.h.ContextHandler.application     : Destroying Spring FrameworkServlet 'dispatcherServlet'
2024-09-25T09:39:29.282+05:30  INFO 6360 --- [usm] [Thread-13] o.e.j.e.servlet.ServletContextHandler    : Stopped osbwej.JettyEmbeddedWebAppContext@678e7436{application,/usm,b=[file:/C:/Users/bhagy/AppData/Local/Temp/jetty-docbase.8082.1275721924253820982/, jar:file:///C:/Users/bhagy/.m2/repository/org/webjars/swagger-ui/5.17.14/swagger-ui-5.17.14.jar!/META-INF/resources/],a=AVAILABLE,h=oeje10s.SessionHandler@4f64ea17{STOPPED}}
2024-09-25T09:39:29.375+05:30  INFO 6360 --- [usm] [restartedMain] com.jsp.usm.UsmApplication               : Starting UsmApplication using Java 22 with PID 6360 (D:\java_1\usm\target\classes started by bhagy in D:\java_1\usm)
2024-09-25T09:39:29.375+05:30  INFO 6360 --- [usm] [restartedMain] com.jsp.usm.UsmApplication               : No active profile set, falling back to 1 default profile: "default"
2024-09-25T09:39:29.577+05:30  INFO 6360 --- [usm] [restartedMain] .s.d.r.c.RepositoryConfigurationDelegate : Bootstrapping Spring Data JPA repositories in DEFAULT mode.
2024-09-25T09:39:29.585+05:30  INFO 6360 --- [usm] [restartedMain] .s.d.r.c.RepositoryConfigurationDelegate : Finished Spring Data repository scanning in 7 ms. Found 1 JPA repository interface.
2024-09-25T09:39:29.708+05:30  INFO 6360 --- [usm] [restartedMain] o.s.b.w.e.j.JettyServletWebServerFactory : Server initialized with port: 8082
2024-09-25T09:39:29.708+05:30  INFO 6360 --- [usm] [restartedMain] org.eclipse.jetty.server.Server          : jetty-12.0.12; built: 2024-07-25T21:58:37.668Z; git: cc6f1b74db755fed228b50701ad967aeaa68e83f; jvm 22+36-2370
2024-09-25T09:39:29.713+05:30  INFO 6360 --- [usm] [restartedMain] o.e.j.s.h.ContextHandler.application     : Initializing Spring embedded WebApplicationContext
2024-09-25T09:39:29.713+05:30  INFO 6360 --- [usm] [restartedMain] w.s.c.ServletWebServerApplicationContext : Root WebApplicationContext: initialization completed in 335 ms
2024-09-25T09:39:29.766+05:30  INFO 6360 --- [usm] [restartedMain] o.e.j.session.DefaultSessionIdManager    : Session workerName=node0
2024-09-25T09:39:29.773+05:30  INFO 6360 --- [usm] [restartedMain] o.e.jetty.server.handler.ContextHandler  : Started osbwej.JettyEmbeddedWebAppContext@6e61fe02{application,/usm,b=[file:/C:/Users/bhagy/AppData/Local/Temp/jetty-docbase.8082.14601979577338983616/, jar:file:///C:/Users/bhagy/.m2/repository/org/webjars/swagger-ui/5.17.14/swagger-ui-5.17.14.jar!/META-INF/resources/],a=AVAILABLE,h=oeje10s.SessionHandler@bd3128d{STARTED}}
2024-09-25T09:39:29.773+05:30  INFO 6360 --- [usm] [restartedMain] o.e.j.e.servlet.ServletContextHandler    : Started osbwej.JettyEmbeddedWebAppContext@6e61fe02{application,/usm,b=[file:/C:/Users/bhagy/AppData/Local/Temp/jetty-docbase.8082.14601979577338983616/, jar:file:///C:/Users/bhagy/.m2/repository/org/webjars/swagger-ui/5.17.14/swagger-ui-5.17.14.jar!/META-INF/resources/],a=AVAILABLE,h=oeje10s.SessionHandler@bd3128d{STARTED}}
2024-09-25T09:39:29.774+05:30  INFO 6360 --- [usm] [restartedMain] org.eclipse.jetty.server.Server          : Started oejs.Server@2e78ce1{STARTING}[12.0.12,sto=0] @268636ms
2024-09-25T09:39:29.809+05:30  INFO 6360 --- [usm] [restartedMain] o.hibernate.jpa.internal.util.LogHelper  : HHH000204: Processing PersistenceUnitInfo [name: default]
2024-09-25T09:39:29.811+05:30  INFO 6360 --- [usm] [restartedMain] o.h.c.internal.RegionFactoryInitiator    : HHH000026: Second-level cache disabled
2024-09-25T09:39:29.819+05:30  INFO 6360 --- [usm] [restartedMain] o.s.o.j.p.SpringPersistenceUnitInfo      : No LoadTimeWeaver setup: ignoring JPA class transformer
2024-09-25T09:39:29.820+05:30  INFO 6360 --- [usm] [restartedMain] com.zaxxer.hikari.HikariDataSource       : HikariPool-2 - Starting...
2024-09-25T09:39:29.838+05:30  INFO 6360 --- [usm] [restartedMain] com.zaxxer.hikari.pool.HikariPool        : HikariPool-2 - Added connection com.mysql.cj.jdbc.ConnectionImpl@4cf7b573
2024-09-25T09:39:29.839+05:30  INFO 6360 --- [usm] [restartedMain] com.zaxxer.hikari.HikariDataSource       : HikariPool-2 - Start completed.
2024-09-25T09:39:29.879+05:30  INFO 6360 --- [usm] [restartedMain] o.h.e.t.j.p.i.JtaPlatformInitiator       : HHH000489: No JTA platform available (set 'hibernate.transaction.jta.platform' to enable JTA platform integration)
2024-09-25T09:39:29.889+05:30  INFO 6360 --- [usm] [restartedMain] j.LocalContainerEntityManagerFactoryBean : Initialized JPA EntityManagerFactory for persistence unit 'default'
2024-09-25T09:39:30.033+05:30  WARN 6360 --- [usm] [restartedMain] JpaBaseConfiguration$JpaWebConfiguration : spring.jpa.open-in-view is enabled by default. Therefore, database queries may be performed during view rendering. Explicitly configure spring.jpa.open-in-view to disable this warning
2024-09-25T09:39:30.382+05:30  INFO 6360 --- [usm] [restartedMain] o.s.b.d.a.OptionalLiveReloadServer       : LiveReload server is running on port 35729
2024-09-25T09:39:30.388+05:30  INFO 6360 --- [usm] [restartedMain] o.s.b.a.e.web.EndpointLinksResolver      : Exposing 1 endpoint beneath base path '/actuator'
2024-09-25T09:39:30.409+05:30  INFO 6360 --- [usm] [restartedMain] o.e.j.s.h.ContextHandler.application     : Initializing Spring DispatcherServlet 'dispatcherServlet'
2024-09-25T09:39:30.409+05:30  INFO 6360 --- [usm] [restartedMain] o.s.web.servlet.DispatcherServlet        : Initializing Servlet 'dispatcherServlet'
2024-09-25T09:39:30.410+05:30  INFO 6360 --- [usm] [restartedMain] o.s.web.servlet.DispatcherServlet        : Completed initialization in 0 ms
2024-09-25T09:39:30.427+05:30  INFO 6360 --- [usm] [restartedMain] o.e.jetty.server.AbstractConnector       : Started ServerConnector@74555657{HTTP/1.1, (http/1.1)}{0.0.0.0:8082}
2024-09-25T09:39:30.427+05:30  INFO 6360 --- [usm] [restartedMain] o.s.b.web.embedded.jetty.JettyWebServer  : Jetty started on port 8082 (http/1.1) with context path '/usm'
2024-09-25T09:39:30.434+05:30  INFO 6360 --- [usm] [restartedMain] com.jsp.usm.UsmApplication               : Started UsmApplication in 1.084 seconds (process running for 269.296)
2024-09-25T09:39:30.437+05:30  INFO 6360 --- [usm] [restartedMain] .ConditionEvaluationDeltaLoggingListener : Condition evaluation unchanged
2024-09-25T09:39:39.877+05:30  INFO 6360 --- [usm] [File Watcher] rtingClassPathChangeChangedEventListener : Restarting due to 1 class path change (0 additions, 0 deletions, 1 modification)
2024-09-25T09:39:39.881+05:30  INFO 6360 --- [usm] [Thread-31] o.e.jetty.server.AbstractConnector       : Stopped ServerConnector@74555657{HTTP/1.1, (http/1.1)}{0.0.0.0:8082}
2024-09-25T09:39:39.884+05:30  INFO 6360 --- [usm] [Thread-31] j.LocalContainerEntityManagerFactoryBean : Closing JPA EntityManagerFactory for persistence unit 'default'
2024-09-25T09:39:39.885+05:30  INFO 6360 --- [usm] [Thread-31] com.zaxxer.hikari.HikariDataSource       : HikariPool-2 - Shutdown initiated...
2024-09-25T09:39:39.891+05:30  INFO 6360 --- [usm] [Thread-31] com.zaxxer.hikari.HikariDataSource       : HikariPool-2 - Shutdown completed.
2024-09-25T09:39:39.892+05:30  INFO 6360 --- [usm] [Thread-31] org.eclipse.jetty.server.Server          : Stopped oejs.Server@2e78ce1{STOPPING}[12.0.12,sto=0]
2024-09-25T09:39:39.894+05:30  INFO 6360 --- [usm] [Thread-31] o.e.j.s.h.ContextHandler.application     : Destroying Spring FrameworkServlet 'dispatcherServlet'
2024-09-25T09:39:39.895+05:30  INFO 6360 --- [usm] [Thread-31] o.e.j.e.servlet.ServletContextHandler    : Stopped osbwej.JettyEmbeddedWebAppContext@6e61fe02{application,/usm,b=[file:/C:/Users/bhagy/AppData/Local/Temp/jetty-docbase.8082.14601979577338983616/, jar:file:///C:/Users/bhagy/.m2/repository/org/webjars/swagger-ui/5.17.14/swagger-ui-5.17.14.jar!/META-INF/resources/],a=AVAILABLE,h=oeje10s.SessionHandler@bd3128d{STOPPED}}
2024-09-25T09:39:39.977+05:30  INFO 6360 --- [usm] [restartedMain] com.jsp.usm.UsmApplication               : Starting UsmApplication using Java 22 with PID 6360 (D:\java_1\usm\target\classes started by bhagy in D:\java_1\usm)
2024-09-25T09:39:39.978+05:30  INFO 6360 --- [usm] [restartedMain] com.jsp.usm.UsmApplication               : No active profile set, falling back to 1 default profile: "default"
2024-09-25T09:39:40.135+05:30  INFO 6360 --- [usm] [restartedMain] .s.d.r.c.RepositoryConfigurationDelegate : Bootstrapping Spring Data JPA repositories in DEFAULT mode.
2024-09-25T09:39:40.140+05:30  INFO 6360 --- [usm] [restartedMain] .s.d.r.c.RepositoryConfigurationDelegate : Finished Spring Data repository scanning in 4 ms. Found 1 JPA repository interface.
2024-09-25T09:39:40.233+05:30  INFO 6360 --- [usm] [restartedMain] o.s.b.w.e.j.JettyServletWebServerFactory : Server initialized with port: 8082
2024-09-25T09:39:40.233+05:30  INFO 6360 --- [usm] [restartedMain] org.eclipse.jetty.server.Server          : jetty-12.0.12; built: 2024-07-25T21:58:37.668Z; git: cc6f1b74db755fed228b50701ad967aeaa68e83f; jvm 22+36-2370
2024-09-25T09:39:40.236+05:30  INFO 6360 --- [usm] [restartedMain] o.e.j.s.h.ContextHandler.application     : Initializing Spring embedded WebApplicationContext
2024-09-25T09:39:40.237+05:30  INFO 6360 --- [usm] [restartedMain] w.s.c.ServletWebServerApplicationContext : Root WebApplicationContext: initialization completed in 256 ms
2024-09-25T09:39:40.282+05:30  INFO 6360 --- [usm] [restartedMain] o.e.j.session.DefaultSessionIdManager    : Session workerName=node0
2024-09-25T09:39:40.284+05:30  INFO 6360 --- [usm] [restartedMain] o.e.jetty.server.handler.ContextHandler  : Started osbwej.JettyEmbeddedWebAppContext@1f2a0c55{application,/usm,b=[file:/C:/Users/bhagy/AppData/Local/Temp/jetty-docbase.8082.5701595429161085928/, jar:file:///C:/Users/bhagy/.m2/repository/org/webjars/swagger-ui/5.17.14/swagger-ui-5.17.14.jar!/META-INF/resources/],a=AVAILABLE,h=oeje10s.SessionHandler@85e1478{STARTED}}
2024-09-25T09:39:40.284+05:30  INFO 6360 --- [usm] [restartedMain] o.e.j.e.servlet.ServletContextHandler    : Started osbwej.JettyEmbeddedWebAppContext@1f2a0c55{application,/usm,b=[file:/C:/Users/bhagy/AppData/Local/Temp/jetty-docbase.8082.5701595429161085928/, jar:file:///C:/Users/bhagy/.m2/repository/org/webjars/swagger-ui/5.17.14/swagger-ui-5.17.14.jar!/META-INF/resources/],a=AVAILABLE,h=oeje10s.SessionHandler@85e1478{STARTED}}
2024-09-25T09:39:40.285+05:30  INFO 6360 --- [usm] [restartedMain] org.eclipse.jetty.server.Server          : Started oejs.Server@43ec8594{STARTING}[12.0.12,sto=0] @279148ms
2024-09-25T09:39:40.308+05:30  INFO 6360 --- [usm] [restartedMain] o.hibernate.jpa.internal.util.LogHelper  : HHH000204: Processing PersistenceUnitInfo [name: default]
2024-09-25T09:39:40.310+05:30  INFO 6360 --- [usm] [restartedMain] o.h.c.internal.RegionFactoryInitiator    : HHH000026: Second-level cache disabled
2024-09-25T09:39:40.316+05:30  INFO 6360 --- [usm] [restartedMain] o.s.o.j.p.SpringPersistenceUnitInfo      : No LoadTimeWeaver setup: ignoring JPA class transformer
2024-09-25T09:39:40.317+05:30  INFO 6360 --- [usm] [restartedMain] com.zaxxer.hikari.HikariDataSource       : HikariPool-3 - Starting...
2024-09-25T09:39:40.330+05:30  INFO 6360 --- [usm] [restartedMain] com.zaxxer.hikari.pool.HikariPool        : HikariPool-3 - Added connection com.mysql.cj.jdbc.ConnectionImpl@602a8be4
2024-09-25T09:39:40.331+05:30  INFO 6360 --- [usm] [restartedMain] com.zaxxer.hikari.HikariDataSource       : HikariPool-3 - Start completed.
2024-09-25T09:39:40.362+05:30  INFO 6360 --- [usm] [restartedMain] o.h.e.t.j.p.i.JtaPlatformInitiator       : HHH000489: No JTA platform available (set 'hibernate.transaction.jta.platform' to enable JTA platform integration)
2024-09-25T09:39:40.370+05:30  INFO 6360 --- [usm] [restartedMain] j.LocalContainerEntityManagerFactoryBean : Initialized JPA EntityManagerFactory for persistence unit 'default'
2024-09-25T09:39:40.490+05:30  WARN 6360 --- [usm] [restartedMain] JpaBaseConfiguration$JpaWebConfiguration : spring.jpa.open-in-view is enabled by default. Therefore, database queries may be performed during view rendering. Explicitly configure spring.jpa.open-in-view to disable this warning
2024-09-25T09:39:40.729+05:30  INFO 6360 --- [usm] [restartedMain] o.s.b.d.a.OptionalLiveReloadServer       : LiveReload server is running on port 35729
2024-09-25T09:39:40.734+05:30  INFO 6360 --- [usm] [restartedMain] o.s.b.a.e.web.EndpointLinksResolver      : Exposing 1 endpoint beneath base path '/actuator'
2024-09-25T09:39:40.756+05:30  INFO 6360 --- [usm] [restartedMain] o.e.j.s.h.ContextHandler.application     : Initializing Spring DispatcherServlet 'dispatcherServlet'
2024-09-25T09:39:40.756+05:30  INFO 6360 --- [usm] [restartedMain] o.s.web.servlet.DispatcherServlet        : Initializing Servlet 'dispatcherServlet'
2024-09-25T09:39:40.758+05:30  INFO 6360 --- [usm] [restartedMain] o.s.web.servlet.DispatcherServlet        : Completed initialization in 2 ms
2024-09-25T09:39:40.777+05:30  INFO 6360 --- [usm] [restartedMain] o.e.jetty.server.AbstractConnector       : Started ServerConnector@5c69ef03{HTTP/1.1, (http/1.1)}{0.0.0.0:8082}
2024-09-25T09:39:40.778+05:30  INFO 6360 --- [usm] [restartedMain] o.s.b.web.embedded.jetty.JettyWebServer  : Jetty started on port 8082 (http/1.1) with context path '/usm'
2024-09-25T09:39:40.784+05:30  INFO 6360 --- [usm] [restartedMain] com.jsp.usm.UsmApplication               : Started UsmApplication in 0.826 seconds (process running for 279.646)
2024-09-25T09:39:40.787+05:30  INFO 6360 --- [usm] [restartedMain] .ConditionEvaluationDeltaLoggingListener : Condition evaluation unchanged
2024-09-25T09:40:01.395+05:30  INFO 6360 --- [usm] [File Watcher] rtingClassPathChangeChangedEventListener : Restarting due to 1 class path change (0 additions, 0 deletions, 1 modification)
2024-09-25T09:40:01.399+05:30  INFO 6360 --- [usm] [Thread-44] o.e.jetty.server.AbstractConnector       : Stopped ServerConnector@5c69ef03{HTTP/1.1, (http/1.1)}{0.0.0.0:8082}
2024-09-25T09:40:01.401+05:30  INFO 6360 --- [usm] [Thread-44] j.LocalContainerEntityManagerFactoryBean : Closing JPA EntityManagerFactory for persistence unit 'default'
2024-09-25T09:40:01.402+05:30  INFO 6360 --- [usm] [Thread-44] com.zaxxer.hikari.HikariDataSource       : HikariPool-3 - Shutdown initiated...
2024-09-25T09:40:01.411+05:30  INFO 6360 --- [usm] [Thread-44] com.zaxxer.hikari.HikariDataSource       : HikariPool-3 - Shutdown completed.
2024-09-25T09:40:01.411+05:30  INFO 6360 --- [usm] [Thread-44] org.eclipse.jetty.server.Server          : Stopped oejs.Server@43ec8594{STOPPING}[12.0.12,sto=0]
2024-09-25T09:40:01.413+05:30  INFO 6360 --- [usm] [Thread-44] o.e.j.s.h.ContextHandler.application     : Destroying Spring FrameworkServlet 'dispatcherServlet'
2024-09-25T09:40:01.413+05:30  INFO 6360 --- [usm] [Thread-44] o.e.j.e.servlet.ServletContextHandler    : Stopped osbwej.JettyEmbeddedWebAppContext@1f2a0c55{application,/usm,b=[file:/C:/Users/bhagy/AppData/Local/Temp/jetty-docbase.8082.5701595429161085928/, jar:file:///C:/Users/bhagy/.m2/repository/org/webjars/swagger-ui/5.17.14/swagger-ui-5.17.14.jar!/META-INF/resources/],a=AVAILABLE,h=oeje10s.SessionHandler@85e1478{STOPPED}}
2024-09-25T09:40:01.491+05:30  INFO 6360 --- [usm] [restartedMain] com.jsp.usm.UsmApplication               : Starting UsmApplication using Java 22 with PID 6360 (D:\java_1\usm\target\classes started by bhagy in D:\java_1\usm)
2024-09-25T09:40:01.491+05:30  INFO 6360 --- [usm] [restartedMain] com.jsp.usm.UsmApplication               : No active profile set, falling back to 1 default profile: "default"
2024-09-25T09:40:01.642+05:30  INFO 6360 --- [usm] [restartedMain] .s.d.r.c.RepositoryConfigurationDelegate : Bootstrapping Spring Data JPA repositories in DEFAULT mode.
2024-09-25T09:40:01.647+05:30  INFO 6360 --- [usm] [restartedMain] .s.d.r.c.RepositoryConfigurationDelegate : Finished Spring Data repository scanning in 4 ms. Found 1 JPA repository interface.
2024-09-25T09:40:01.734+05:30  INFO 6360 --- [usm] [restartedMain] o.s.b.w.e.j.JettyServletWebServerFactory : Server initialized with port: 8082
2024-09-25T09:40:01.734+05:30  INFO 6360 --- [usm] [restartedMain] org.eclipse.jetty.server.Server          : jetty-12.0.12; built: 2024-07-25T21:58:37.668Z; git: cc6f1b74db755fed228b50701ad967aeaa68e83f; jvm 22+36-2370
2024-09-25T09:40:01.738+05:30  INFO 6360 --- [usm] [restartedMain] o.e.j.s.h.ContextHandler.application     : Initializing Spring embedded WebApplicationContext
2024-09-25T09:40:01.738+05:30  INFO 6360 --- [usm] [restartedMain] w.s.c.ServletWebServerApplicationContext : Root WebApplicationContext: initialization completed in 245 ms
2024-09-25T09:40:01.782+05:30  INFO 6360 --- [usm] [restartedMain] o.e.j.session.DefaultSessionIdManager    : Session workerName=node0
2024-09-25T09:40:01.784+05:30  INFO 6360 --- [usm] [restartedMain] o.e.jetty.server.handler.ContextHandler  : Started osbwej.JettyEmbeddedWebAppContext@a34117a{application,/usm,b=[file:/C:/Users/bhagy/AppData/Local/Temp/jetty-docbase.8082.3136824821584253541/, jar:file:///C:/Users/bhagy/.m2/repository/org/webjars/swagger-ui/5.17.14/swagger-ui-5.17.14.jar!/META-INF/resources/],a=AVAILABLE,h=oeje10s.SessionHandler@700374b2{STARTED}}
2024-09-25T09:40:01.785+05:30  INFO 6360 --- [usm] [restartedMain] o.e.j.e.servlet.ServletContextHandler    : Started osbwej.JettyEmbeddedWebAppContext@a34117a{application,/usm,b=[file:/C:/Users/bhagy/AppData/Local/Temp/jetty-docbase.8082.3136824821584253541/, jar:file:///C:/Users/bhagy/.m2/repository/org/webjars/swagger-ui/5.17.14/swagger-ui-5.17.14.jar!/META-INF/resources/],a=AVAILABLE,h=oeje10s.SessionHandler@700374b2{STARTED}}
2024-09-25T09:40:01.785+05:30  INFO 6360 --- [usm] [restartedMain] org.eclipse.jetty.server.Server          : Started oejs.Server@6938b921{STARTING}[12.0.12,sto=0] @300648ms
2024-09-25T09:40:01.806+05:30  INFO 6360 --- [usm] [restartedMain] o.hibernate.jpa.internal.util.LogHelper  : HHH000204: Processing PersistenceUnitInfo [name: default]
2024-09-25T09:40:01.808+05:30  INFO 6360 --- [usm] [restartedMain] o.h.c.internal.RegionFactoryInitiator    : HHH000026: Second-level cache disabled
2024-09-25T09:40:01.814+05:30  INFO 6360 --- [usm] [restartedMain] o.s.o.j.p.SpringPersistenceUnitInfo      : No LoadTimeWeaver setup: ignoring JPA class transformer
2024-09-25T09:40:01.814+05:30  INFO 6360 --- [usm] [restartedMain] com.zaxxer.hikari.HikariDataSource       : HikariPool-4 - Starting...
2024-09-25T09:40:01.826+05:30  INFO 6360 --- [usm] [restartedMain] com.zaxxer.hikari.pool.HikariPool        : HikariPool-4 - Added connection com.mysql.cj.jdbc.ConnectionImpl@47a88ef4
2024-09-25T09:40:01.827+05:30  INFO 6360 --- [usm] [restartedMain] com.zaxxer.hikari.HikariDataSource       : HikariPool-4 - Start completed.
2024-09-25T09:40:01.855+05:30  INFO 6360 --- [usm] [restartedMain] o.h.e.t.j.p.i.JtaPlatformInitiator       : HHH000489: No JTA platform available (set 'hibernate.transaction.jta.platform' to enable JTA platform integration)
2024-09-25T09:40:01.864+05:30  INFO 6360 --- [usm] [restartedMain] j.LocalContainerEntityManagerFactoryBean : Initialized JPA EntityManagerFactory for persistence unit 'default'
2024-09-25T09:40:01.981+05:30  WARN 6360 --- [usm] [restartedMain] JpaBaseConfiguration$JpaWebConfiguration : spring.jpa.open-in-view is enabled by default. Therefore, database queries may be performed during view rendering. Explicitly configure spring.jpa.open-in-view to disable this warning
2024-09-25T09:40:02.272+05:30  INFO 6360 --- [usm] [restartedMain] o.s.b.d.a.OptionalLiveReloadServer       : LiveReload server is running on port 35729
2024-09-25T09:40:02.277+05:30  INFO 6360 --- [usm] [restartedMain] o.s.b.a.e.web.EndpointLinksResolver      : Exposing 1 endpoint beneath base path '/actuator'
2024-09-25T09:40:02.294+05:30  INFO 6360 --- [usm] [restartedMain] o.e.j.s.h.ContextHandler.application     : Initializing Spring DispatcherServlet 'dispatcherServlet'
2024-09-25T09:40:02.295+05:30  INFO 6360 --- [usm] [restartedMain] o.s.web.servlet.DispatcherServlet        : Initializing Servlet 'dispatcherServlet'
2024-09-25T09:40:02.296+05:30  INFO 6360 --- [usm] [restartedMain] o.s.web.servlet.DispatcherServlet        : Completed initialization in 1 ms
2024-09-25T09:40:02.316+05:30  INFO 6360 --- [usm] [restartedMain] o.e.jetty.server.AbstractConnector       : Started ServerConnector@14c99439{HTTP/1.1, (http/1.1)}{0.0.0.0:8082}
2024-09-25T09:40:02.316+05:30  INFO 6360 --- [usm] [restartedMain] o.s.b.web.embedded.jetty.JettyWebServer  : Jetty started on port 8082 (http/1.1) with context path '/usm'
2024-09-25T09:40:02.324+05:30  INFO 6360 --- [usm] [restartedMain] com.jsp.usm.UsmApplication               : Started UsmApplication in 0.847 seconds (process running for 301.187)
2024-09-25T09:40:02.326+05:30  INFO 6360 --- [usm] [restartedMain] .ConditionEvaluationDeltaLoggingListener : Condition evaluation unchanged
2024-09-25T09:42:23.367+05:30  INFO 6360 --- [usm] [RMI TCP Connection(13)-127.0.0.1] inMXBeanRegistrar$SpringApplicationAdmin : Application shutdown requested.
2024-09-25T09:42:23.382+05:30  INFO 6360 --- [usm] [RMI TCP Connection(13)-127.0.0.1] o.e.jetty.server.AbstractConnector       : Stopped ServerConnector@14c99439{HTTP/1.1, (http/1.1)}{0.0.0.0:8082}
2024-09-25T09:42:23.382+05:30  INFO 6360 --- [usm] [RMI TCP Connection(13)-127.0.0.1] j.LocalContainerEntityManagerFactoryBean : Closing JPA EntityManagerFactory for persistence unit 'default'
2024-09-25T09:42:23.382+05:30  INFO 6360 --- [usm] [RMI TCP Connection(13)-127.0.0.1] com.zaxxer.hikari.HikariDataSource       : HikariPool-4 - Shutdown initiated...
2024-09-25T09:42:23.398+05:30  INFO 6360 --- [usm] [RMI TCP Connection(13)-127.0.0.1] com.zaxxer.hikari.HikariDataSource       : HikariPool-4 - Shutdown completed.
2024-09-25T09:42:23.398+05:30  INFO 6360 --- [usm] [RMI TCP Connection(13)-127.0.0.1] org.eclipse.jetty.server.Server          : Stopped oejs.Server@6938b921{STOPPING}[12.0.12,sto=0]
2024-09-25T09:42:23.398+05:30  INFO 6360 --- [usm] [RMI TCP Connection(13)-127.0.0.1] o.e.j.s.h.ContextHandler.application     : Destroying Spring FrameworkServlet 'dispatcherServlet'
2024-09-25T09:42:23.398+05:30  INFO 6360 --- [usm] [RMI TCP Connection(13)-127.0.0.1] o.e.j.e.servlet.ServletContextHandler    : Stopped osbwej.JettyEmbeddedWebAppContext@a34117a{application,/usm,b=[file:/C:/Users/bhagy/AppData/Local/Temp/jetty-docbase.8082.3136824821584253541/, jar:file:///C:/Users/bhagy/.m2/repository/org/webjars/swagger-ui/5.17.14/swagger-ui-5.17.14.jar!/META-INF/resources/],a=AVAILABLE,h=oeje10s.SessionHandler@700374b2{STOPPED}}
